== docker build backend: health-backend:ci ==
#0 building with "desktop-linux" instance using docker driver

#1 [internal] load build definition from Dockerfile
#1 transferring dockerfile: 633B 0.0s done
#1 DONE 0.0s

#2 [internal] load metadata for docker.io/library/node:18-alpine
#2 ...

#3 [auth] library/node:pull token for registry-1.docker.io
#3 DONE 0.0s

#2 [internal] load metadata for docker.io/library/node:18-alpine
#2 DONE 1.8s

#4 [internal] load .dockerignore
#4 transferring context: 2B done
#4 DONE 0.0s

#5 [1/7] FROM docker.io/library/node:18-alpine@sha256:8d6421d663b4c28fd3ebc498332f249011d118945588d0a35cb9bc4b8ca09d9e
#5 resolve docker.io/library/node:18-alpine@sha256:8d6421d663b4c28fd3ebc498332f249011d118945588d0a35cb9bc4b8ca09d9e done
#5 DONE 0.0s

#6 [internal] load build context
#6 transferring context: 1.72MB 0.9s done
#6 DONE 1.0s

#7 [2/7] WORKDIR /usr/src/app
#7 CACHED

#8 [3/7] COPY package.json package-lock.json ./
#8 CACHED

#9 [4/7] RUN npm ci --production
#9 CACHED

#10 [5/7] COPY . ./
#10 CACHED

#11 [6/7] RUN addgroup -S appgroup && adduser -S appuser -G appgroup
#11 CACHED

#12 [7/7] RUN mkdir -p /usr/src/app/src/middleware/tmp && 	chown -R appuser:appgroup /usr/src/app && chown -R appuser:appgroup /usr/src/app/src/middleware/tmp && 	chmod -R a+rwx /usr/src/app/src/middleware/tmp || true
#12 CACHED

#13 exporting to image
#13 exporting layers done
#13 exporting manifest sha256:533f34f0bb85bfaf80e321aa7366851377fd4b1c5e13a09caf0494be91433354 done
#13 exporting config sha256:1b436b4a7d8109d2df854e0bb8bb003f206708441203f21ea4ee7230ce6d5cc1 done
#13 exporting attestation manifest sha256:6561fc595a22c4318918323e6a35dfd43362af9b60a023509620f40558dc8562 done
#13 exporting manifest list sha256:ac744884d368eb058c13e788c66f4b7d373a07916c72834a3b3a7e0e3adf4087 done
#13 naming to docker.io/library/health-backend:ci
#13 naming to docker.io/library/health-backend:ci done
#13 unpacking to docker.io/library/health-backend:ci done
#13 DONE 0.0s

View build details: docker-desktop://dashboard/build/desktop-linux/desktop-linux/00ht4a3rbq4ie30ztczhvndvx

== docker images (filter health-backend) ==
health-backend:ci                                                                                     ac744884d368       1.12GB          197MB        
health-backend:ci-fix1                                                                                90384c0acbfc       1.12GB          197MB        
health-backend:local                                                                                  9216d1b0aef6        853MB          162MB        

== tail docker-build.log (last 200 lines) ==
== docker build backend: health-backend:ci ==
#0 building with "desktop-linux" instance using docker driver

#1 [internal] load build definition from Dockerfile
#1 transferring dockerfile: 633B 0.0s done
#1 DONE 0.0s

#2 [internal] load metadata for docker.io/library/node:18-alpine
#2 ...

#3 [auth] library/node:pull token for registry-1.docker.io
#3 DONE 0.0s

#2 [internal] load metadata for docker.io/library/node:18-alpine
#2 DONE 1.8s

#4 [internal] load .dockerignore
#4 transferring context: 2B done
#4 DONE 0.0s

#5 [1/7] FROM docker.io/library/node:18-alpine@sha256:8d6421d663b4c28fd3ebc498332f249011d118945588d0a35cb9bc4b8ca09d9e
#5 resolve docker.io/library/node:18-alpine@sha256:8d6421d663b4c28fd3ebc498332f249011d118945588d0a35cb9bc4b8ca09d9e done
#5 DONE 0.0s

#6 [internal] load build context
#6 transferring context: 1.72MB 0.9s done
#6 DONE 1.0s

#7 [2/7] WORKDIR /usr/src/app
#7 CACHED

#8 [3/7] COPY package.json package-lock.json ./
#8 CACHED

#9 [4/7] RUN npm ci --production
#9 CACHED

#10 [5/7] COPY . ./
#10 CACHED

#11 [6/7] RUN addgroup -S appgroup && adduser -S appuser -G appgroup
#11 CACHED

#12 [7/7] RUN mkdir -p /usr/src/app/src/middleware/tmp && 	chown -R appuser:appgroup /usr/src/app && chown -R appuser:appgroup /usr/src/app/src/middleware/tmp && 	chmod -R a+rwx /usr/src/app/src/middleware/tmp || true
#12 CACHED

#13 exporting to image
#13 exporting layers done
#13 exporting manifest sha256:533f34f0bb85bfaf80e321aa7366851377fd4b1c5e13a09caf0494be91433354 done
#13 exporting config sha256:1b436b4a7d8109d2df854e0bb8bb003f206708441203f21ea4ee7230ce6d5cc1 done
#13 exporting attestation manifest sha256:6561fc595a22c4318918323e6a35dfd43362af9b60a023509620f40558dc8562 done
#13 exporting manifest list sha256:ac744884d368eb058c13e788c66f4b7d373a07916c72834a3b3a7e0e3adf4087 done
#13 naming to docker.io/library/health-backend:ci
#13 naming to docker.io/library/health-backend:ci done
#13 unpacking to docker.io/library/health-backend:ci done
#13 DONE 0.0s

View build details: docker-desktop://dashboard/build/desktop-linux/desktop-linux/00ht4a3rbq4ie30ztczhvndvx

== docker images (filter health-backend) ==
health-backend:ci                                                                                     ac744884d368       1.12GB          197MB        
health-backend:ci-fix1                                                                                90384c0acbfc       1.12GB          197MB        
health-backend:local                                                                                  9216d1b0aef6        853MB          162MB        

== tail docker-build.log (last 200 lines) ==
