== minikube status ==
minikube
type: Control Plane
host: Running
kubelet: Running
apiserver: Running
kubeconfig: Configured


== minikube image load health-backend:ci ==

== ensure namespace health exists ==
NAME     STATUS   AGE
health   Active   11h

== kubectl apply k8s/ci ==
deployment.apps/health-backend configured
service/health-backend unchanged

== kubectl get deploy,svc -n health ==
NAME                             READY   UP-TO-DATE   AVAILABLE   AGE   CONTAINERS       IMAGES                   SELECTOR
deployment.apps/grafana          1/1     1            1           11h   grafana          grafana/grafana:9.0.0    app=grafana
deployment.apps/health-backend   1/1     1            1           11h   health-backend   REPLACE_IMAGE            app=health-backend
deployment.apps/prometheus       1/1     1            1           11h   prometheus       prom/prometheus:latest   app=prometheus

NAME                     TYPE        CLUSTER-IP       EXTERNAL-IP   PORT(S)          AGE   SELECTOR
service/grafana          NodePort    10.97.87.86      <none>        3000:31054/TCP   11h   app=grafana
service/health-backend   ClusterIP   10.104.225.13    <none>        80/TCP           11h   app=health-backend
service/prometheus       ClusterIP   10.106.107.147   <none>        9090/TCP         11h   app=prometheus

== done pipeline k8s steps ==
