== docker semgrep run ==
               
               
┌─────────────┐
│ Scan Status │
└─────────────┘
  Scanning 25397 files with 1063 Code rules:
                                                                                                                        
  Language      Rules   Files          Origin      Rules                                                                
 ─────────────────────────────        ───────────────────                                                               
  <multilang>      63   25397          Community    1063                                                                
  c                 5    5202                                                                                           
  swift             2     215                                                                                           
  json              4      60                                                                                           
  js              156      34                                                                                           
  yaml             31      29                                                                                           
  bash              4      26                                                                                           
  kotlin           18       4                                                                                           
  python          243       3                                                                                           
  dockerfile        6       2                                                                                           
  html              1       2                                                                                           
  java            118       1                                                                                           
                                                                                                                        
                
                
┌──────────────┐
│ Scan Summary │
└──────────────┘
✅ Scan completed successfully.
 • Findings: 6 (6 blocking)
 • Rules run: 640
 • Targets scanned: 25397
 • Parsed lines: ~99.9%
 • Scan skipped: 
   ◦ Files larger than  files 1.0 MB: 116
   ◦ Files matching .semgrepignore patterns: 259
 • For a detailed list of skipped files and lines, run semgrep with the --verbose flag
Ran 640 rules on 25397 files: 6 findings.

== after docker run: ls -la pipeline-logs ==
total 6560
drwxr-xr-x@ 12 mainguyenbinhtan  staff      384 Dec 23 14:20 .
drwxr-xr-x@ 23 mainguyenbinhtan  staff      736 Dec 23 12:53 ..
-rw-r--r--@  1 mainguyenbinhtan  staff      264 Dec 23 14:31 backend-tests.log
-rw-r--r--@  1 mainguyenbinhtan  staff     5292 Dec 23 14:16 docker-build.log
-rw-r--r--@  1 mainguyenbinhtan  staff    15392 Dec 23 14:21 health-backend-logs.log
-rw-r--r--@  1 mainguyenbinhtan  staff     1357 Dec 23 14:20 k8s-apply.log
-rw-r--r--@  1 mainguyenbinhtan  staff     2102 Dec 23 14:21 k8s-rollout.log
-rw-r--r--@  1 mainguyenbinhtan  staff     1119 Dec 23 13:59 semgrep-findings.txt
-rw-r--r--   1 mainguyenbinhtan  staff  2611966 Dec 23 14:35 semgrep-results.json
-rw-r--r--@  1 mainguyenbinhtan  staff     2828 Dec 23 14:35 semgrep.log
-rw-r--r--@  1 mainguyenbinhtan  staff      222 Dec 23 14:21 smoke-test.log
-rw-r--r--@  1 mainguyenbinhtan  staff    29329 Dec 23 14:27 sonar.log

== summary: count findings ==
findings: 6
