               
               
┌─────────────┐
│ Scan Status │
└─────────────┘
  Scanning 624 files tracked by git with 1063 Code rules:
                                                                                                                        
  Language      Rules   Files          Origin      Rules                                                                
 ─────────────────────────────        ───────────────────                                                               
  <multilang>      63     624          Community    1063                                                                
  js              156      34                                                                                           
  json              4      16                                                                                           
  bash              4      16                                                                                           
  yaml             31       9                                                                                           
  c                 5       8                                                                                           
  swift             2       6                                                                                           
  kotlin           18       4                                                                                           
  python          243       3                                                                                           
  dockerfile        6       2                                                                                           
  html              1       2                                                                                           
                                                                                                                        
                
                
┌──────────────┐
│ Scan Summary │
└──────────────┘
✅ Scan completed successfully.
 • Findings: 0 (0 blocking)
 • Rules run: 526
 • Targets scanned: 624
 • Parsed lines: ~99.9%
 • Scan skipped: 
   ◦ Files larger than  files 1.0 MB: 5
   ◦ Files matching .semgrepignore patterns: 741
 • Scan was limited to files tracked by git
 • For a detailed list of skipped files and lines, run semgrep with the --verbose flag
Ran 526 rules on 624 files: 0 findings.
(need more rules? `semgrep login` for additional free Semgrep Registry rules)

If Semgrep missed a finding, please send us feedback to let us know!
See https://semgrep.dev/docs/reporting-false-negatives/
