== start SonarQube local scan run ==
== create docker network sonar-net ==
cdec00ee722ded3b213eb6746160f14db018a81c98ef7b8b1c51f35a655b1e74
== remove any existing sonarqube container ==
Error response from daemon: No such container: sonarqube
== run sonarqube (may take ~2-4 minutes to start) ==
Unable to find image 'sonarqube:community' locally
community: Pulling from library/sonarqube
91e052f7b40a: Pulling fs layer
97dd3f0ce510: Pulling fs layer
4f4fb700ef54: Pulling fs layer
45745ef4ea0d: Pulling fs layer
b5e329fb7a0e: Pulling fs layer
07df04fa1333: Pulling fs layer
ee3225358e00: Pulling fs layer
d646a7071eaa: Pulling fs layer
fab0f624427e: Download complete
b64b040195b6: Download complete
45745ef4ea0d: Download complete
b5e329fb7a0e: Download complete
4f4fb700ef54: Download complete
ee3225358e00: Download complete
91e052f7b40a: Download complete
97dd3f0ce510: Download complete
07df04fa1333: Download complete
97dd3f0ce510: Pull complete
91e052f7b40a: Pull complete
b5e329fb7a0e: Pull complete
ee3225358e00: Pull complete
07df04fa1333: Pull complete
d646a7071eaa: Download complete
45745ef4ea0d: Pull complete
4f4fb700ef54: Pull complete
d646a7071eaa: Pull complete
Digest: sha256:4e55d47ba60c9db78793fa781c8f582a0c398a7fe8231da09575161a7636063a
Status: Downloaded newer image for sonarqube:community
44ed5ae580c4723ae95276158ae85a858d94f561604c2d0c1ee587837984b8e3

== waiting for SonarQube to become UP (timeout 300s) ==
curl: (7) Failed to connect to localhost port 9000 after 0 ms: Couldn't connect to server
curl: (7) Failed to connect to localhost port 9000 after 0 ms: Couldn't connect to server
curl: (7) Failed to connect to localhost port 9000 after 0 ms: Couldn't connect to server
curl: (7) Failed to connect to localhost port 9000 after 0 ms: Couldn't connect to server
curl: (7) Failed to connect to localhost port 9000 after 0 ms: Couldn't connect to server

== docker ps (sonarqube) ==
CONTAINER ID                                                       IMAGE                 COMMAND                                 CREATED          STATUS          PORTS                                         NAMES
44ed5ae580c4723ae95276158ae85a858d94f561604c2d0c1ee587837984b8e3   sonarqube:community   "/opt/sonarqube/docker/entrypoint.sh"   43 seconds ago   Up 43 seconds   0.0.0.0:9000->9000/tcp, [::]:9000->9000/tcp   sonarqube

== docker logs --tail 200 sonarqube ==
2025.12.23 07:27:24 INFO  web[][DbMigrations] 88/123 #202504003 'Create unique index from 'sca_license_profiles'': success | time=2ms
2025.12.23 07:27:24 INFO  web[][DbMigrations] 89/123 #202504004 'Add index on 'alm_repo' column in 'project_alm_settings' table'...
2025.12.23 07:27:24 INFO  web[][DbMigrations] 89/123 #202504004 'Add index on 'alm_repo' column in 'project_alm_settings' table': success | time=2ms
2025.12.23 07:27:24 INFO  web[][DbMigrations] 90/123 #202504005 'Add 'original_severity' and 'manual_severity' columns to 'sca_issues_releases' table'...
2025.12.23 07:27:24 INFO  web[][DbMigrations] 90/123 #202504005 'Add 'original_severity' and 'manual_severity' columns to 'sca_issues_releases' table': success | time=5ms
2025.12.23 07:27:24 INFO  web[][DbMigrations] 91/123 #202504006 'Populate 'original_severity' column for 'sca_issues_releases' table'...
2025.12.23 07:27:24 INFO  web[][o.s.s.p.d.m.s.MassUpdate] 0 rows processed (0 items/sec)
2025.12.23 07:27:24 INFO  web[][DbMigrations] 91/123 #202504006 'Populate 'original_severity' column for 'sca_issues_releases' table': success | time=4ms
2025.12.23 07:27:24 INFO  web[][DbMigrations] 92/123 #202504007 'Update 'original_severity' column to be not nullable in 'sca_issues_releases' table'...
2025.12.23 07:27:24 INFO  web[][DbMigrations] 92/123 #202504007 'Update 'original_severity' column to be not nullable in 'sca_issues_releases' table': success | time=11ms
2025.12.23 07:27:24 INFO  web[][DbMigrations] 93/123 #202504008 'Update size of 'name' column in 'rules' table'...
2025.12.23 07:27:24 INFO  web[][DbMigrations] 93/123 #202504008 'Update size of 'name' column in 'rules' table': success | time=2ms
2025.12.23 07:27:24 INFO  web[][DbMigrations] 94/123 #202504009 'Add 'show_increased_severity_warning' column to 'sca_issues_releases' table'...
2025.12.23 07:27:24 INFO  web[][DbMigrations] 94/123 #202504009 'Add 'show_increased_severity_warning' column to 'sca_issues_releases' table': success | time=3ms
2025.12.23 07:27:24 INFO  web[][DbMigrations] 95/123 #202504010 'Add 'analysis_parameters' column to 'sca_analyses' table'...
2025.12.23 07:27:24 INFO  web[][DbMigrations] 95/123 #202504010 'Add 'analysis_parameters' column to 'sca_analyses' table': success | time=2ms
2025.12.23 07:27:24 INFO  web[][DbMigrations] 96/123 #202505000 'Add 'published_on' column to 'sca_vulnerability_issues' table'...
2025.12.23 07:27:24 INFO  web[][DbMigrations] 96/123 #202505000 'Add 'published_on' column to 'sca_vulnerability_issues' table': success | time=3ms
2025.12.23 07:27:24 INFO  web[][DbMigrations] 97/123 #202505001 'Add 'from_sonarqube_update' column to 'issues' table'...
2025.12.23 07:27:24 INFO  web[][DbMigrations] 97/123 #202505001 'Add 'from_sonarqube_update' column to 'issues' table': success | time=3ms
2025.12.23 07:27:24 INFO  web[][DbMigrations] 98/123 #202505002 'Add 'internal_tags' column to 'issues' table'...
2025.12.23 07:27:24 INFO  web[][DbMigrations] 98/123 #202505002 'Add 'internal_tags' column to 'issues' table': success | time=3ms
2025.12.23 07:27:24 INFO  web[][DbMigrations] 99/123 #202505003 'Populate 'sonar.announcement.htmlMessage' from 'sonar.announcement.message''...
2025.12.23 07:27:24 INFO  web[][DbMigrations] 99/123 #202505003 'Populate 'sonar.announcement.htmlMessage' from 'sonar.announcement.message'': success | time=2ms
2025.12.23 07:27:24 INFO  web[][DbMigrations] 100/123 #202506000 'Create 'jira_project_bindings' table'...
2025.12.23 07:27:24 INFO  web[][DbMigrations] 100/123 #202506000 'Create 'jira_project_bindings' table': success | time=2ms
2025.12.23 07:27:24 INFO  web[][DbMigrations] 101/123 #202506001 'Create 'atlassian_auth_details' table'...
2025.12.23 07:27:24 INFO  web[][DbMigrations] 101/123 #202506001 'Create 'atlassian_auth_details' table': success | time=1ms
2025.12.23 07:27:24 INFO  web[][DbMigrations] 102/123 #202506002 'Create 'xsrf_tokens' table'...
2025.12.23 07:27:24 INFO  web[][DbMigrations] 102/123 #202506002 'Create 'xsrf_tokens' table': success | time=1ms
2025.12.23 07:27:24 INFO  web[][DbMigrations] 103/123 #202506003 'Create 'jira_org_bindings' table'...
2025.12.23 07:27:24 INFO  web[][DbMigrations] 103/123 #202506003 'Create 'jira_org_bindings' table': success | time=2ms
2025.12.23 07:27:24 INFO  web[][DbMigrations] 104/123 #202506004 'Create 'jira_org_bindings_pending' table'...
2025.12.23 07:27:24 INFO  web[][DbMigrations] 104/123 #202506004 'Create 'jira_org_bindings_pending' table': success | time=2ms
2025.12.23 07:27:24 INFO  web[][DbMigrations] 105/123 #202506005 'Create 'jira_selected_work_types' table'...
2025.12.23 07:27:24 INFO  web[][DbMigrations] 105/123 #202506005 'Create 'jira_selected_work_types' table': success | time=1ms
2025.12.23 07:27:24 INFO  web[][DbMigrations] 106/123 #202506006 'Create 'jira_work_items' table'...
2025.12.23 07:27:24 INFO  web[][DbMigrations] 106/123 #202506006 'Create 'jira_work_items' table': success | time=1ms
2025.12.23 07:27:24 INFO  web[][DbMigrations] 107/123 #202506007 'Create 'jira_work_items_linked_resources' table'...
2025.12.23 07:27:24 INFO  web[][DbMigrations] 107/123 #202506007 'Create 'jira_work_items_linked_resources' table': success | time=2ms
2025.12.23 07:27:24 INFO  web[][DbMigrations] 108/123 #202506008 'Create 'integration_configs' table'...
2025.12.23 07:27:24 INFO  web[][DbMigrations] 108/123 #202506008 'Create 'integration_configs' table': success | time=2ms
2025.12.23 07:27:24 INFO  web[][DbMigrations] 109/123 #202506009 'Create 'slack_subscriptions' table'...
2025.12.23 07:27:24 INFO  web[][DbMigrations] 109/123 #202506009 'Create 'slack_subscriptions' table': success | time=3ms
2025.12.23 07:27:24 INFO  web[][DbMigrations] 110/123 #202506010 'Create 'slack_workspaces' table'...
2025.12.23 07:27:24 INFO  web[][DbMigrations] 110/123 #202506010 'Create 'slack_workspaces' table': success | time=2ms
2025.12.23 07:27:24 INFO  web[][DbMigrations] 111/123 #202506011 'Create 'user_bindings' table'...
2025.12.23 07:27:24 INFO  web[][DbMigrations] 111/123 #202506011 'Create 'user_bindings' table': success | time=4ms
2025.12.23 07:27:24 INFO  web[][DbMigrations] 112/123 #202506012 'Create 'user_bindings_slack' table'...
2025.12.23 07:27:24 INFO  web[][DbMigrations] 112/123 #202506012 'Create 'user_bindings_slack' table': success | time=5ms
2025.12.23 07:27:24 INFO  web[][DbMigrations] 113/123 #202506015 'Add 'created_by' column to 'jira_work_items' table'...
2025.12.23 07:27:24 INFO  web[][DbMigrations] 113/123 #202506015 'Add 'created_by' column to 'jira_work_items' table': success | time=5ms
2025.12.23 07:27:24 INFO  web[][DbMigrations] 114/123 #202506016 'Add index based on 'resource_id' and 'resource_type' to 'jira_work_items_resources' table'...
2025.12.23 07:27:24 INFO  web[][DbMigrations] 114/123 #202506016 'Add index based on 'resource_id' and 'resource_type' to 'jira_work_items_resources' table': success | time=5ms
2025.12.23 07:27:24 INFO  web[][DbMigrations] 115/123 #202506017 'Remove unique index from 'user_bindings' table'...
2025.12.23 07:27:24 INFO  web[][DbMigrations] 115/123 #202506017 'Remove unique index from 'user_bindings' table': success | time=3ms
2025.12.23 07:27:24 INFO  web[][DbMigrations] 116/123 #202506018 'Create index on 'user_uuid' column in 'user_bindings' table'...
2025.12.23 07:27:24 INFO  web[][DbMigrations] 116/123 #202506018 'Create index on 'user_uuid' column in 'user_bindings' table': success | time=4ms
2025.12.23 07:27:24 INFO  web[][DbMigrations] 117/123 #202506019 'Add 'is_token_shared' column to 'jira_org_bindings' table'...
2025.12.23 07:27:24 INFO  web[][DbMigrations] 117/123 #202506019 'Add 'is_token_shared' column to 'jira_org_bindings' table': success | time=5ms
2025.12.23 07:27:24 INFO  web[][DbMigrations] 118/123 #202506021 'Add index based on 'jira_organization_binding_id' and 'sonar_project_id' to 'jira_project_bindings' table'...
2025.12.23 07:27:24 INFO  web[][DbMigrations] 118/123 #202506021 'Add index based on 'jira_organization_binding_id' and 'sonar_project_id' to 'jira_project_bindings' table': success | time=7ms
2025.12.23 07:27:24 INFO  web[][DbMigrations] 119/123 #202506022 'Create index on 'components' for case-insensitive key queries'...
2025.12.23 07:27:24 INFO  web[][DbMigrations] 119/123 #202506022 'Create index on 'components' for case-insensitive key queries': success | time=5ms
2025.12.23 07:27:24 INFO  web[][DbMigrations] 120/123 #202506023 'Drop table 'issue_stats_by_rule_key''...
2025.12.23 07:27:24 INFO  web[][DbMigrations] 120/123 #202506023 'Drop table 'issue_stats_by_rule_key'': success | time=3ms
2025.12.23 07:27:24 INFO  web[][DbMigrations] 121/123 #202506024 'Create 'issue_stats_by_rule_key' table'...
2025.12.23 07:27:24 INFO  web[][DbMigrations] 121/123 #202506024 'Create 'issue_stats_by_rule_key' table': success | time=5ms
2025.12.23 07:27:24 INFO  web[][DbMigrations] 122/123 #202506025 'Populate 'issue_stats_by_rule_key''...
2025.12.23 07:27:24 INFO  web[][o.s.s.p.d.m.s.MassUpdate] 0 rows processed (0 items/sec)
2025.12.23 07:27:24 INFO  web[][DbMigrations] 122/123 #202506025 'Populate 'issue_stats_by_rule_key'': success | time=10ms
2025.12.23 07:27:24 INFO  web[][DbMigrations] 123/123 #202506026 'Populate 'issue_stats_by_rule_key' for portfolios and apps'...
2025.12.23 07:27:24 INFO  web[][o.s.s.p.d.m.s.MassUpdate] 0 rows processed (0 items/sec)
2025.12.23 07:27:24 INFO  web[][DbMigrations] 123/123 #202506026 'Populate 'issue_stats_by_rule_key' for portfolios and apps': success | time=6ms
2025.12.23 07:27:24 INFO  web[][DbMigrations] Executed 123/123 DB migrations: success | time=642ms
2025.12.23 07:27:24 INFO  web[][o.s.s.p.Platform] Database has been automatically updated
2025.12.23 07:27:24 INFO  web[][o.s.s.p.w.MasterServletFilter] Initializing servlet filter org.sonar.server.platform.web.WebServiceFilter@44492c06 [pattern=UrlPattern{inclusions=[/api/system/migrate_db.*, ...], exclusions=[/api/components/update_key, ...]}]
2025.12.23 07:27:24 INFO  web[][o.s.s.p.w.MasterServletFilter] Initializing servlet filter org.sonar.server.platform.web.NoCacheFilter@1224e1b6 [pattern=UrlPattern{inclusions=[/api/v2/*], exclusions=[]}]
2025.12.23 07:27:24 INFO  web[][o.s.s.p.DetectPluginChange] Detect plugin changes
2025.12.23 07:27:24 INFO  web[][o.s.s.s.PropertiesDBCleaner] Clean up properties from db
2025.12.23 07:27:25 INFO  web[][o.h.v.i.util.Version] HV000001: Hibernate Validator 9.0.1.Final
2025.12.23 07:27:25 INFO  web[][o.s.s.e.IndexCreator] Create index [metadatas]
2025.12.23 07:27:26 INFO  es[][o.e.c.m.MetadataCreateIndexService] [metadatas] creating index, cause [api], templates [], shards [1]/[0]
2025.12.23 07:27:26 INFO  es[][o.e.c.r.a.AllocationService] current.health="GREEN" message="Cluster health status changed from [YELLOW] to [GREEN] (reason: [shards started [[metadatas][0]]])." previous.health="YELLOW" reason="shards started [[metadatas][0]]"
2025.12.23 07:27:27 INFO  web[][o.s.s.e.IndexCreator] Create mapping metadatas
2025.12.23 07:27:28 INFO  es[][o.e.c.m.MetadataMappingService] [metadatas/6dVShISBSUqFZddcDYx9LQ] create_mapping
2025.12.23 07:27:29 INFO  web[][o.s.s.e.IndexCreator] Create index [components]
2025.12.23 07:27:29 INFO  es[][o.e.c.m.MetadataCreateIndexService] [components] creating index, cause [api], templates [], shards [5]/[0]
2025.12.23 07:27:29 INFO  es[][o.e.c.r.a.AllocationService] current.health="GREEN" message="Cluster health status changed from [YELLOW] to [GREEN] (reason: [shards started [[components][4]]])." previous.health="YELLOW" reason="shards started [[components][4]]"
2025.12.23 07:27:29 INFO  web[][o.s.s.e.IndexCreator] Create mapping components
2025.12.23 07:27:29 INFO  es[][o.e.c.m.MetadataMappingService] [components/ZQvugN7jRZaf7KxU21Qfzw] create_mapping
2025.12.23 07:27:29 INFO  web[][o.s.s.e.IndexCreator] Create index [projectmeasures]
2025.12.23 07:27:29 INFO  es[][o.e.c.m.MetadataCreateIndexService] [projectmeasures] creating index, cause [api], templates [], shards [5]/[0]
2025.12.23 07:27:30 INFO  es[][o.e.c.r.a.AllocationService] current.health="GREEN" message="Cluster health status changed from [YELLOW] to [GREEN] (reason: [shards started [[projectmeasures][4]]])." previous.health="YELLOW" reason="shards started [[projectmeasures][4]]"
2025.12.23 07:27:30 INFO  web[][o.s.s.e.IndexCreator] Create mapping projectmeasures
2025.12.23 07:27:30 INFO  es[][o.e.c.m.MetadataMappingService] [projectmeasures/3aAMpjnvTRmnBq6E1_4kcw] create_mapping
2025.12.23 07:27:30 INFO  web[][o.s.s.e.IndexCreator] Create index [rules]
2025.12.23 07:27:30 INFO  es[][o.e.c.m.MetadataCreateIndexService] [rules] creating index, cause [api], templates [], shards [2]/[0]
2025.12.23 07:27:30 INFO  es[][o.e.c.r.a.AllocationService] current.health="GREEN" message="Cluster health status changed from [YELLOW] to [GREEN] (reason: [shards started [[rules][1]]])." previous.health="YELLOW" reason="shards started [[rules][1]]"
2025.12.23 07:27:30 INFO  web[][o.s.s.e.IndexCreator] Create mapping rules
2025.12.23 07:27:30 INFO  es[][o.e.c.m.MetadataMappingService] [rules/VJnrCXNqSsKK3I6qcSZ2Ng] create_mapping
2025.12.23 07:27:30 INFO  web[][o.s.s.e.IndexCreator] Create index [issues]
2025.12.23 07:27:30 INFO  es[][o.e.c.m.MetadataCreateIndexService] [issues] creating index, cause [api], templates [], shards [5]/[0]
2025.12.23 07:27:30 INFO  es[][o.e.c.r.a.AllocationService] current.health="GREEN" message="Cluster health status changed from [YELLOW] to [GREEN] (reason: [shards started [[issues][4]]])." previous.health="YELLOW" reason="shards started [[issues][4]]"
2025.12.23 07:27:30 INFO  web[][o.s.s.e.IndexCreator] Create mapping issues
2025.12.23 07:27:30 INFO  es[][o.e.c.m.MetadataMappingService] [issues/nbGOeDwiSG6O-ld04VyRmA] create_mapping
2025.12.23 07:27:30 INFO  web[][o.s.s.e.IndexCreator] Create index [views]
2025.12.23 07:27:30 INFO  es[][o.e.c.m.MetadataCreateIndexService] [views] creating index, cause [api], templates [], shards [5]/[0]
2025.12.23 07:27:30 INFO  es[][o.e.c.r.a.AllocationService] current.health="GREEN" message="Cluster health status changed from [YELLOW] to [GREEN] (reason: [shards started [[views][4]]])." previous.health="YELLOW" reason="shards started [[views][4]]"
2025.12.23 07:27:30 INFO  web[][o.s.s.e.IndexCreator] Create mapping views
2025.12.23 07:27:30 INFO  es[][o.e.c.m.MetadataMappingService] [views/O0tF948qRy-z4_3vev4XzA] create_mapping
2025.12.23 07:27:30 INFO  web[][o.s.s.s.LogServerId] Server ID: 147B411E-AZtKGws5K88WOTAksDbO
2025.12.23 07:27:31 INFO  web[][o.o.c.c.InitializationService] Initializing OpenSAML using the Java Services API
2025.12.23 07:27:31 INFO  web[][o.o.x.a.AlgorithmRegistry] Algorithm failed runtime support check, will not be usable: http://www.w3.org/2001/04/xmlenc#ripemd160
2025.12.23 07:27:31 INFO  web[][o.o.x.a.AlgorithmRegistry] Algorithm failed runtime support check, will not be usable: http://www.w3.org/2001/04/xmldsig-more#hmac-ripemd160
2025.12.23 07:27:31 INFO  web[][o.o.x.a.AlgorithmRegistry] Algorithm failed runtime support check, will not be usable: http://www.w3.org/2001/04/xmldsig-more#rsa-ripemd160
2025.12.23 07:27:31 WARN  web[][o.s.s.a.LogOAuthWarning] For security reasons, OAuth authentication should use HTTPS. You should set the property 'Administration > Configuration > Server base URL' to an HTTPS URL.
2025.12.23 07:27:31 INFO  web[][o.s.s.p.UpdateCenterClient] Update center: https://downloads.sonarsource.com/sonarqube/update/update-center.properties
2025.12.23 07:27:32 INFO  web[][o.s.s.a.p.ExpiredSessionsCleaner] Purge of expired session tokens has removed 0 elements
2025.12.23 07:27:32 INFO  web[][o.s.s.a.p.ExpiredSessionsCleaner] Purge of expired SAML message ids has removed 0 elements
2025.12.23 07:27:32 INFO  web[][o.s.s.n.NotificationDaemon] Notification service started (delay 60 sec.)
2025.12.23 07:27:32 INFO  web[][o.s.t.TelemetryDaemon] Sharing of SonarQube statistics is enabled.
2025.12.23 07:27:33 INFO  web[][o.s.s.r.r.RulesRegistrant] Register rules
2025.12.23 07:27:34 INFO  web[][o.r.Reflections] Reflections took 39 ms to scan 1 urls, producing 24 keys and 257 values
2025.12.23 07:27:50 INFO  web[][o.s.s.s.RegisterMetrics] Register metrics
2025.12.23 07:27:50 INFO  web[][o.s.s.q.RegisterQualityGates] Quality Gate's conditions of [Sonar way] has been updated
2025.12.23 07:27:51 INFO  web[][o.s.s.q.b.BuiltInQProfileRepositoryImpl] Load quality profiles
2025.12.23 07:27:51 INFO  web[][o.s.s.q.RegisterQualityProfiles] Register quality profiles
2025.12.23 07:27:51 INFO  web[][o.s.s.q.RegisterQualityProfiles] Register profile kubernetes/Sonar way
2025.12.23 07:27:51 INFO  web[][o.s.s.q.RegisterQualityProfiles] Register profile css/Sonar way
2025.12.23 07:27:51 INFO  web[][o.s.s.q.RegisterQualityProfiles] Register profile scala/Sonar way
2025.12.23 07:27:51 INFO  web[][o.s.s.q.RegisterQualityProfiles] Register profile jsp/Sonar way
2025.12.23 07:27:51 INFO  web[][o.s.s.q.RegisterQualityProfiles] Register profile js/Sonar way
2025.12.23 07:27:51 INFO  web[][o.s.s.q.RegisterQualityProfiles] Register profile py/Sonar way
2025.12.23 07:27:51 INFO  web[][o.s.s.q.RegisterQualityProfiles] Register profile docker/Sonar way
2025.12.23 07:27:51 INFO  web[][o.s.s.q.RegisterQualityProfiles] Register profile rust/Sonar way
2025.12.23 07:27:51 INFO  web[][o.s.s.q.RegisterQualityProfiles] Register profile java/Sonar way
2025.12.23 07:27:51 INFO  web[][o.s.s.q.RegisterQualityProfiles] Register profile web/Sonar way
2025.12.23 07:27:51 INFO  web[][o.s.s.q.RegisterQualityProfiles] Register profile xml/Sonar way
2025.12.23 07:27:51 INFO  web[][o.s.s.q.RegisterQualityProfiles] Register profile flex/Sonar way
2025.12.23 07:27:51 INFO  web[][o.s.s.q.RegisterQualityProfiles] Register profile json/Sonar way
2025.12.23 07:27:51 INFO  web[][o.s.s.q.RegisterQualityProfiles] Register profile ipynb/Sonar way
2025.12.23 07:27:51 INFO  web[][o.s.s.q.RegisterQualityProfiles] Register profile text/Sonar way
2025.12.23 07:27:52 INFO  web[][o.s.s.q.RegisterQualityProfiles] Register profile vbnet/Sonar way
2025.12.23 07:27:52 INFO  web[][o.s.s.q.RegisterQualityProfiles] Register profile cloudformation/Sonar way
2025.12.23 07:27:52 INFO  web[][o.s.s.q.RegisterQualityProfiles] Register profile yaml/Sonar way
2025.12.23 07:27:52 INFO  web[][o.s.s.q.RegisterQualityProfiles] Register profile go/Sonar way
2025.12.23 07:27:52 INFO  web[][o.s.s.q.RegisterQualityProfiles] Register profile kotlin/Sonar way
2025.12.23 07:27:52 INFO  web[][o.s.s.q.RegisterQualityProfiles] Register profile secrets/Sonar way
2025.12.23 07:27:52 INFO  web[][o.s.s.q.RegisterQualityProfiles] Register profile ruby/Sonar way
2025.12.23 07:27:52 INFO  web[][o.s.s.q.RegisterQualityProfiles] Register profile cs/Sonar way
2025.12.23 07:27:52 INFO  web[][o.s.s.q.RegisterQualityProfiles] Register profile php/Sonar way
2025.12.23 07:27:52 INFO  web[][o.s.s.q.RegisterQualityProfiles] Register profile terraform/Sonar way
2025.12.23 07:27:52 INFO  web[][o.s.s.q.RegisterQualityProfiles] Register profile azureresourcemanager/Sonar way
2025.12.23 07:27:52 INFO  web[][o.s.s.q.RegisterQualityProfiles] Register profile ts/Sonar way
2025.12.23 07:27:52 INFO  web[][o.s.s.s.RegisterPermissionTemplates] Register permission templates
2025.12.23 07:27:52 INFO  web[][o.s.s.s.RenameDeprecatedPropertyKeys] Rename deprecated property keys
2025.12.23 07:27:52 INFO  web[][o.s.s.s.RegisterPlugins] Register plugins
2025.12.23 07:27:52 INFO  web[][o.s.s.p.w.MasterServletFilter] Initializing servlet filter org.sonar.server.platform.web.SonarQubeIdeConnectionFilter@66c2ec36 [pattern=UrlPattern{inclusions=[/api/*], exclusions=[/api/v2/*]}]
2025.12.23 07:27:52 INFO  web[][o.s.s.p.w.MasterServletFilter] Initializing servlet filter org.sonar.server.platform.web.WebServiceFilter@4e7e2693 [pattern=UrlPattern{inclusions=[/api/issues/delete_comment.*, ...], exclusions=[/api/authentication/login.*, ...]}]
2025.12.23 07:27:52 INFO  web[][o.s.s.p.w.MasterServletFilter] Initializing servlet filter org.sonar.server.platform.web.NoCacheFilter@70e9790e [pattern=UrlPattern{inclusions=[/api/v2/*], exclusions=[]}]
2025.12.23 07:27:52 INFO  web[][o.s.s.p.w.MasterServletFilter] Initializing servlet filter org.sonar.server.platform.web.WebServiceReroutingFilter@382897ce [pattern=UrlPattern{inclusions=[/api/components/bulk_update_key, ...], exclusions=[]}]
2025.12.23 07:27:52 INFO  web[][o.s.s.p.w.MasterServletFilter] Initializing servlet filter org.sonar.server.authentication.DefaultAdminCredentialsVerifierFilter@49fa6fa1 [pattern=UrlPattern{inclusions=[/*], exclusions=[*.css, ...]}]
2025.12.23 07:27:52 INFO  web[][o.s.s.p.w.MasterServletFilter] Initializing servlet filter org.sonar.server.authentication.InitFilter@760f92b3 [pattern=UrlPattern{inclusions=[/sessions/init/*], exclusions=[]}]
2025.12.23 07:27:52 INFO  web[][o.s.s.p.w.MasterServletFilter] Initializing servlet filter org.sonar.server.authentication.SamlValidationRedirectionFilter@4d95a475 [pattern=UrlPattern{inclusions=[/oauth2/callback/saml], exclusions=[]}]
2025.12.23 07:27:52 INFO  web[][o.s.s.p.w.MasterServletFilter] Initializing servlet filter org.sonar.server.authentication.OAuth2CallbackFilter@317fdcee [pattern=UrlPattern{inclusions=[/oauth2/callback/*], exclusions=[]}]
2025.12.23 07:27:52 INFO  web[][o.s.s.p.w.MasterServletFilter] Initializing servlet filter org.sonar.server.authentication.ResetPasswordFilter@2b623a07 [pattern=UrlPattern{inclusions=[/*], exclusions=[*.css, ...]}]
2025.12.23 07:27:52 INFO  web[][o.s.s.p.w.MasterServletFilter] Initializing servlet filter org.sonar.server.authentication.ws.LoginAction@4a957247 [pattern=UrlPattern{inclusions=[/api/authentication/login], exclusions=[]}]
2025.12.23 07:27:52 INFO  web[][o.s.s.p.w.MasterServletFilter] Initializing servlet filter org.sonar.server.authentication.ws.LogoutAction@55618300 [pattern=UrlPattern{inclusions=[/api/authentication/logout], exclusions=[]}]
2025.12.23 07:27:52 INFO  web[][o.s.s.p.w.MasterServletFilter] Initializing servlet filter org.sonar.server.authentication.ws.ValidateAction@fe14acd [pattern=UrlPattern{inclusions=[/api/authentication/validate], exclusions=[]}]
2025.12.23 07:27:52 INFO  web[][o.s.s.p.w.MasterServletFilter] Initializing servlet filter org.sonar.server.saml.ws.ValidationInitAction@69d7dd2d [pattern=UrlPattern{inclusions=[/saml/validation_init], exclusions=[]}]
2025.12.23 07:27:52 INFO  web[][o.s.s.p.w.MasterServletFilter] Initializing servlet filter org.sonar.server.saml.ws.ValidationAction@5e4484e8 [pattern=UrlPattern{inclusions=[/saml/validation], exclusions=[]}]
2025.12.23 07:27:52 INFO  web[][o.s.s.p.w.MasterServletFilter] Initializing servlet filter org.sonar.server.user.ws.ChangePasswordAction@2172bfd2 [pattern=UrlPattern{inclusions=[/api/users/change_password], exclusions=[]}]
2025.12.23 07:27:52 INFO  web[][o.s.s.p.w.MasterServletFilter] Initializing servlet filter org.sonar.server.plugins.PluginsRiskConsentFilter@41240185 [pattern=UrlPattern{inclusions=[/*], exclusions=[*.css, ...]}]
2025.12.23 07:27:52 INFO  web[][o.s.s.e.IndexerStartupTask] Indexing of type [projectmeasures/auth/projectmeasure]...
2025.12.23 07:27:52 INFO  web[][o.s.s.e.IndexerStartupTask] Indexing of type [projectmeasures/auth/projectmeasure] done | time=80ms
2025.12.23 07:27:52 INFO  web[][o.s.s.e.IndexerStartupTask] Indexing of type [components/auth/component]...
2025.12.23 07:27:52 INFO  web[][o.s.s.e.IndexerStartupTask] Indexing of type [components/auth/component] done | time=34ms
2025.12.23 07:27:52 INFO  web[][o.s.s.e.IndexerStartupTask] Indexing of type [views/view]...
2025.12.23 07:27:52 INFO  web[][o.s.s.e.IndexerStartupTask] Indexing of type [views/view] done | time=77ms
2025.12.23 07:27:53 INFO  web[][o.s.s.e.IndexerStartupTask] Trigger asynchronous indexing of type [issues/auth/issue]...
2025.12.23 07:27:53 INFO  web[][o.s.s.i.i.AsyncIssueIndexingImpl] 0 pending indexing task found to be deleted...
2025.12.23 07:27:53 INFO  web[][o.s.s.i.i.AsyncIssueIndexingImpl] 0 completed indexing task found to be deleted...
2025.12.23 07:27:53 INFO  web[][o.s.s.i.i.AsyncIssueIndexingImpl] Indexing task deletion complete.
2025.12.23 07:27:53 INFO  web[][o.s.s.i.i.AsyncIssueIndexingImpl] Deleting tasks characteristics...
2025.12.23 07:27:53 INFO  web[][o.s.s.i.i.AsyncIssueIndexingImpl] Tasks characteristics deletion complete.
2025.12.23 07:27:53 INFO  web[][o.s.s.i.i.AsyncIssueIndexingImpl] 0 branch found in need of issue sync.
2025.12.23 07:27:53 INFO  web[][o.s.s.e.IndexerStartupTask] Trigger asynchronous indexing of type [issues/auth/issue] done | time=24ms
2025.12.23 07:27:53 INFO  web[][o.s.s.e.IndexerStartupTask] Indexing of types [components/auth],[projectmeasures/auth],[issues/auth]...
2025.12.23 07:27:53 INFO  web[][o.s.s.e.IndexerStartupTask] Indexing of types [components/auth],[projectmeasures/auth],[issues/auth] done | time=40ms
2025.12.23 07:27:53 INFO  web[][o.s.s.p.p.PlatformLevelStartup] Running Community Edition
2025.12.23 07:27:53 WARN  app[][startup] ####################################################################################################################
2025.12.23 07:27:53 WARN  app[][startup] Default Administrator credentials are still being used. Make sure to change the password or deactivate the account.
2025.12.23 07:27:53 WARN  app[][startup] ####################################################################################################################
2025.12.23 07:27:53 INFO  web[][o.s.s.p.Platform] Web Server is operational
2025.12.23 07:27:53 INFO  app[][o.s.a.SchedulerImpl] Process[web] is up
2025.12.23 07:27:53 INFO  app[][o.s.a.ProcessLauncherImpl] Launch process[COMPUTE_ENGINE] from [/opt/sonarqube]: /opt/java/openjdk/bin/java -Djava.awt.headless=true -Dfile.encoding=UTF-8 -Djava.io.tmpdir=/opt/sonarqube/temp -XX:-OmitStackTraceInFastThrow --add-opens=java.base/java.util=ALL-UNNAMED --add-exports=java.base/jdk.internal.ref=ALL-UNNAMED --add-opens=java.base/java.lang=ALL-UNNAMED --add-opens=java.base/java.nio=ALL-UNNAMED --add-opens=java.base/sun.nio.ch=ALL-UNNAMED --add-opens=java.management/sun.management=ALL-UNNAMED --add-opens=jdk.management/com.sun.management.internal=ALL-UNNAMED -Xmx512m -Xms128m -XX:+HeapDumpOnOutOfMemoryError -Dhttp.nonProxyHosts=localhost|127.*|[::1] -cp ./lib/sonar-application-25.12.0.117093.jar:/opt/sonarqube/lib/jdbc/h2/h2-2.3.232.jar org.sonar.ce.app.CeServer /opt/sonarqube/temp/sq-process17068537926400207499properties
2025.12.23 07:27:53 INFO  ce[][o.s.p.ProcessEntryPoint] Starting Compute Engine
2025.12.23 07:27:53 INFO  ce[][o.s.ce.app.CeServer] Compute Engine starting up...
Standard Commons Logging discovery in action with spring-jcl: please remove commons-logging.jar from classpath in order to avoid potential conflicts

== server status API (if available) ==
{"id":"147B411E-AZtKGws5K88WOTAksDbO","version":"25.12.0.117093","status":"UP"}
== appended status check done ==
== sonar run start at Tue Dec 23 07:36:06 UTC 2025 ==
Error response from daemon: network with name sonar-net already exists
sonarqube
8b8efa9134a40d49170f39e1e297f89d258fefc2685e4499b377a29026e9f15f
waiting up to 300s for SonarQube to be UP
curl: (7) Failed to connect to localhost port 9000 after 0 ms: Couldn't connect to server
curl: (7) Failed to connect to localhost port 9000 after 0 ms: Couldn't connect to server
curl: (7) Failed to connect to localhost port 9000 after 0 ms: Couldn't connect to server
curl: (7) Failed to connect to localhost port 9000 after 0 ms: Couldn't connect to server
{"id":"147B411E-AZtKIzVxs5yK53yEYEoD","version":"25.12.0.117093","status":"STARTING"}{"id":"147B411E-AZtKIzVxs5yK53yEYEoD","version":"25.12.0.117093","status":"STARTING"}{"id":"147B411E-AZtKIzVxs5yK53yEYEoD","version":"25.12.0.117093","status":"STARTING"}{"id":"147B411E-AZtKIzVxs5yK53yEYEoD","version":"25.12.0.117093","status":"STARTING"}{"id":"147B411E-AZtKIzVxs5yK53yEYEoD","version":"25.12.0.117093","status":"STARTING"}{"id":"147B411E-AZtKIzVxs5yK53yEYEoD","version":"25.12.0.117093","status":"STARTING"}{"id":"147B411E-AZtKIzVxs5yK53yEYEoD","version":"25.12.0.117093","status":"STARTING"}{"id":"147B411E-AZtKIzVxs5yK53yEYEoD","version":"25.12.0.117093","status":"STARTING"}{"id":"147B411E-AZtKIzVxs5yK53yEYEoD","version":"25.12.0.117093","status":"STARTING"}{"id":"147B411E-AZtKIzVxs5yK53yEYEoD","version":"25.12.0.117093","status":"STARTING"}{"id":"147B411E-AZtKIzVxs5yK53yEYEoD","version":"25.12.0.117093","status":"STARTING"}{"id":"147B411E-AZtKIzVxs5yK53yEYEoD","version":"25.12.0.117093","status":"UP"}sonar status checked
== running sonar-scanner container ==
Unable to find image 'sonarsource/sonar-scanner-cli:latest' locally
latest: Pulling from sonarsource/sonar-scanner-cli
4f4fb700ef54: Pulling fs layer
c060cd763202: Pulling fs layer
6e5b5e384bff: Pulling fs layer
1c7de4eb5ced: Pulling fs layer
db292a031e66: Pulling fs layer
5a8cbd3c4373: Pulling fs layer
4f4fb700ef54: Already exists
4f4fb700ef54: Pull complete
db292a031e66: Download complete
c060cd763202: Download complete
5a8cbd3c4373: Download complete
1c7de4eb5ced: Download complete
1c7de4eb5ced: Pull complete
5a8cbd3c4373: Pull complete
c060cd763202: Pull complete
6e5b5e384bff: Download complete
db292a031e66: Pull complete
6e5b5e384bff: Pull complete
Digest: sha256:97c145e4f8fe1786906c604272d17901e745051bc6c8173582f31aac8d0eb7fe
Status: Downloaded newer image for sonarsource/sonar-scanner-cli:latest
WARNING: The requested image's platform (linux/amd64) does not match the detected host platform (linux/arm64/v8) and no specific platform was requested
07:37:13.517 INFO  Scanner configuration file: /opt/sonar-scanner/conf/sonar-scanner.properties
07:37:13.531 INFO  Project root configuration file: NONE
07:37:13.564 INFO  SonarScanner CLI 8.0.1.6346
07:37:13.587 INFO  Linux 6.12.54-linuxkit amd64
07:37:16.247 INFO  Communicating with SonarQube Community Build 25.12.0.117093
07:37:16.248 WARN  Use of 'sonar.login' property has been deprecated in favor of 'sonar.token' (or the env variable alternative 'SONAR_TOKEN'). Please use the latter when passing a token.
07:37:16.252 INFO  JRE provisioning: os[linux], arch[x86_64]
07:37:21.363 INFO  Starting SonarScanner Engine...
07:37:21.364 INFO  Java 21.0.9 Eclipse Adoptium (64-bit)
07:37:23.896 INFO  Load global settings
07:37:24.286 ERROR Not authorized. Please check the user token in the property 'sonar.token' or 'sonar.login' (deprecated).
07:37:24.311 INFO  EXECUTION FAILURE
07:37:24.314 INFO  Total time: 10.807s
sonar-scanner failed
== sonar run complete at Tue Dec 23 07:37:25 UTC 2025 ==

== attempt to generate sonar token via API ==
token json: {"login":"admin","name":"ci-token-from-cli","token":"squ_a553407ab241dece9cb58eb5d5f9a7d53d1318f4","createdAt":"2025-12-23T07:41:53+0000","type":"USER_TOKEN"}
